
> vite_react_shadcn_ts@0.0.0 build
> vite build

[36mvite v5.4.19 [32mbuilding for production...[36m[39m
node.exe : 
At line:1 char:1
+ & "C:\Program Files\nodejs/node.exe" "C:\Program Files\nodejs/node_mo ...
+ ~~~~~~~~~~~~~~~~~~~~~~~~~~~~~~~~~~~~~~~~~~~~~~~~~~~~~~~~~~~~~~~~~~~~~
    + CategoryInfo              : NotS    pecified: (:Str    ing) [], Remote    Exception
    + FullyQualifie    dErrorId : Nati    veCommandError
 
/css/vendor-react-D8Md-CES.css doesn't exist at build time, it will remain unchanged to be resolved at runtime

/css/index-CUDS8dhh.css doesn't exist at build time, it will remain unchanged to be resolved at runtime
transforming...
Browserslist: browsers data (caniuse-lite) is 6 months old. Please run:
  npx update-browserslist-db@latest
  Why you should do it regularly: https://github.com/browserslist/update-db#readme
[32mΓ£ô[39m 3 modules transformed.
[31mx[39m Build failed in 672ms
[31merror during build:
[31m[vite]: Rollup failed to resolve import "/js/index-Dwn8Yg58.js" from "D:/dev-write/index.html".
This is most likely unintended because it can break your application at runtime.
If you do want to externalize this module explicitly add it to
`build.rollupOptions.external`[31m
    at viteWarn (file:///D:/dev-write/node_modules/vite/dist/node/chunks/dep-C6uTJdX2.js:65839:17)
    at onwarn (file:///D:/dev-write/node_modules/@vitejs/plugin-react-swc/index.js:90:7)
    at onRollupWarning (file:///D:/dev-write/node_modules/vite/dist/node/chunks/dep-C6uTJdX2.js:65869:5)
    at onwarn (file:///D:/dev-write/node_modules/vite/dist/node/chunks/dep-C6uTJdX2.js:65534:7)
    at file:///D:/dev-write/node_modules/rollup/dist/es/shared/node-entry.js:19393:13
    at Object.logger [as onLog] (file:///D:/dev-write/node_modules/rollup/dist/es/shared/node-entry.js:21119:9)
    at ModuleLoader.handleInvalidResolvedId (file:///D:/dev-write/node_modules/rollup/dist/es/shared/node-entry.js:20008:26)
    at file:///D:/dev-write/node_modules/rollup/dist/es/shared/node-entry.js:19966:26[39m
